<?xml version="1.0" encoding="UTF-8"?>
<testng-results ignored="0" total="7" passed="7" failed="0" skipped="0">
  <reporter-output>
  </reporter-output>
  <suite started-at="2022-05-06T11:22:31 IST" name="Default suite" finished-at="2022-05-06T11:22:58 IST" duration-ms="26671">
    <groups>
    </groups>
    <test started-at="2022-05-06T11:22:31 IST" name="Default test" finished-at="2022-05-06T11:22:58 IST" duration-ms="26671">
      <class name="com.sgtesting.dataproviders.Scenario1">
        <test-method signature="LaunchBrowser()[pri:1, instance:com.sgtesting.dataproviders.Scenario1@22ef9844]" started-at="2022-05-06T11:22:31 IST" name="LaunchBrowser" finished-at="2022-05-06T11:22:34 IST" duration-ms="2488" status="PASS">
          <reporter-output>
          </reporter-output>
        </test-method> <!-- LaunchBrowser -->
        <test-method signature="navigate()[pri:2, instance:com.sgtesting.dataproviders.Scenario1@22ef9844]" started-at="2022-05-06T11:22:34 IST" name="navigate" finished-at="2022-05-06T11:22:36 IST" duration-ms="2812" status="PASS">
          <reporter-output>
          </reporter-output>
        </test-method> <!-- navigate -->
        <test-method signature="Login(java.lang.String,java.lang.String)[pri:3, instance:com.sgtesting.dataproviders.Scenario1@22ef9844]" started-at="2022-05-06T11:22:36 IST" name="Login" data-provider="credentails" finished-at="2022-05-06T11:22:41 IST" duration-ms="4513" status="PASS">
          <params>
            <param index="0">
              <value>
                <![CDATA[admin]]>
              </value>
            </param>
            <param index="1">
              <value>
                <![CDATA[manager]]>
              </value>
            </param>
          </params>
          <reporter-output>
          </reporter-output>
        </test-method> <!-- Login -->
        <test-method signature="CreateUser(java.lang.String,java.lang.String,java.lang.String,java.lang.String,java.lang.String,java.lang.String)[pri:4, instance:com.sgtesting.dataproviders.Scenario1@22ef9844]" started-at="2022-05-06T11:22:41 IST" name="CreateUser" data-provider="createuser" finished-at="2022-05-06T11:22:53 IST" duration-ms="11790" status="PASS">
          <params>
            <param index="0">
              <value>
                <![CDATA[Sujeeth]]>
              </value>
            </param>
            <param index="1">
              <value>
                <![CDATA[Kumar]]>
              </value>
            </param>
            <param index="2">
              <value>
                <![CDATA[sujeeth@gmail.com]]>
              </value>
            </param>
            <param index="3">
              <value>
                <![CDATA[Sujeethkumar]]>
              </value>
            </param>
            <param index="4">
              <value>
                <![CDATA[Welcome123]]>
              </value>
            </param>
            <param index="5">
              <value>
                <![CDATA[Welcome123]]>
              </value>
            </param>
          </params>
          <reporter-output>
          </reporter-output>
        </test-method> <!-- CreateUser -->
        <test-method signature="DeleteUser()[pri:5, instance:com.sgtesting.dataproviders.Scenario1@22ef9844]" started-at="2022-05-06T11:22:53 IST" name="DeleteUser" finished-at="2022-05-06T11:22:57 IST" duration-ms="4240" status="PASS">
          <reporter-output>
          </reporter-output>
        </test-method> <!-- DeleteUser -->
        <test-method signature="Logout()[pri:6, instance:com.sgtesting.dataproviders.Scenario1@22ef9844]" started-at="2022-05-06T11:22:57 IST" name="Logout" finished-at="2022-05-06T11:22:57 IST" duration-ms="378" status="PASS">
          <reporter-output>
          </reporter-output>
        </test-method> <!-- Logout -->
        <test-method signature="CloseApplication()[pri:7, instance:com.sgtesting.dataproviders.Scenario1@22ef9844]" started-at="2022-05-06T11:22:57 IST" name="CloseApplication" finished-at="2022-05-06T11:22:58 IST" duration-ms="344" status="PASS">
          <reporter-output>
          </reporter-output>
        </test-method> <!-- CloseApplication -->
      </class> <!-- com.sgtesting.dataproviders.Scenario1 -->
    </test> <!-- Default test -->
  </suite> <!-- Default suite -->
</testng-results>
