<?xml version="1.0" encoding="UTF-8"?>
<!-- Generated by org.testng.reporters.JUnitXMLReporter -->
<testsuite ignored="0" hostname="LAPTOP-FOOL42FD" failures="0" tests="7" name="Default test" time="26.671" errors="0" timestamp="2022-05-06T11:22:58 IST">
  <testcase classname="com.sgtesting.dataproviders.Scenario1" name="LaunchBrowser" time="2.488"/>
  <testcase classname="com.sgtesting.dataproviders.Scenario1" name="navigate" time="2.812"/>
  <testcase classname="com.sgtesting.dataproviders.Scenario1" name="Login" time="4.513"/>
  <testcase classname="com.sgtesting.dataproviders.Scenario1" name="CreateUser" time="11.79"/>
  <testcase classname="com.sgtesting.dataproviders.Scenario1" name="DeleteUser" time="4.24"/>
  <testcase classname="com.sgtesting.dataproviders.Scenario1" name="Logout" time="0.378"/>
  <testcase classname="com.sgtesting.dataproviders.Scenario1" name="CloseApplication" time="0.344"/>
</testsuite> <!-- Default test -->
