<?xml version="1.0" encoding="UTF-8"?>
<!-- Generated by org.testng.reporters.JUnitXMLReporter -->
<testsuite ignored="0" hostname="LAPTOP-FOOL42FD" failures="0" tests="60" name="Create User" time="231.928" errors="0" timestamp="2022-04-29T12:30:31 IST">
  <testcase classname="com.sgtesting.dataproviders.Scenario1" name="LaunchBrowser" time="5.083"/>
  <testcase classname="com.sgtesting.dataproviders.Scenario1" name="navigate" time="4.389"/>
  <testcase classname="com.sgtesting.dataproviders.Scenario1" name="Login" time="6.629"/>
  <testcase classname="com.sgtesting.dataproviders.Scenario1" name="CreateUser" time="12.485"/>
  <testcase classname="com.sgtesting.dataproviders.Scenario1" name="DeleteUser" time="4.258"/>
  <testcase classname="com.sgtesting.dataproviders.Scenario1" name="Logout" time="0.38"/>
  <testcase classname="com.sgtesting.dataproviders.Scenario1" name="CloseApplication" time="0.318"/>
  <testcase classname="com.sgtesting.dataproviders.Scenario2" name="LaunchBrowser" time="1.463"/>
  <testcase classname="com.sgtesting.dataproviders.Scenario2" name="navigate" time="2.849"/>
  <testcase classname="com.sgtesting.dataproviders.Scenario2" name="Login" time="4.985"/>
  <testcase classname="com.sgtesting.dataproviders.Scenario2" name="CreateUser" time="11.883"/>
  <testcase classname="com.sgtesting.dataproviders.Scenario2" name="ModifyUser" time="5.456"/>
  <testcase classname="com.sgtesting.dataproviders.Scenario2" name="DeleteUser" time="4.266"/>
  <testcase classname="com.sgtesting.dataproviders.Scenario2" name="Logout" time="0.365"/>
  <testcase classname="com.sgtesting.dataproviders.Scenario2" name="CloseApplication" time="0.313"/>
  <testcase classname="com.sgtesting.dataproviders.Scenario3" name="LaunchBrowser" time="1.249"/>
  <testcase classname="com.sgtesting.dataproviders.Scenario3" name="navigate" time="0.848"/>
  <testcase classname="com.sgtesting.dataproviders.Scenario3" name="Login" time="4.89"/>
  <testcase classname="com.sgtesting.dataproviders.Scenario3" name="CreateCustomer" time="9.582"/>
  <testcase classname="com.sgtesting.dataproviders.Scenario3" name="DeleteCustomer" time="5.467"/>
  <testcase classname="com.sgtesting.dataproviders.Scenario3" name="Logout" time="0.386"/>
  <testcase classname="com.sgtesting.dataproviders.Scenario3" name="CloseApplication" time="0.32"/>
  <testcase classname="com.sgtesting.dataproviders.Scenario4" name="LaunchBrowser" time="1.401"/>
  <testcase classname="com.sgtesting.dataproviders.Scenario4" name="navigate" time="0.871"/>
  <testcase classname="com.sgtesting.dataproviders.Scenario4" name="Login" time="4.829"/>
  <testcase classname="com.sgtesting.dataproviders.Scenario4" name="CreateCustomer" time="9.303"/>
  <testcase classname="com.sgtesting.dataproviders.Scenario4" name="ModifyCustomer" time="5.539"/>
  <testcase classname="com.sgtesting.dataproviders.Scenario4" name="DeleteCustomer" time="5.427"/>
  <testcase classname="com.sgtesting.dataproviders.Scenario4" name="Logout" time="0.36"/>
  <testcase classname="com.sgtesting.dataproviders.Scenario4" name="CloseApplication" time="0.322"/>
  <testcase classname="com.sgtesting.dataproviders.Scenario5" name="LaunchBrowser" time="1.327"/>
  <testcase classname="com.sgtesting.dataproviders.Scenario5" name="navigate" time="0.888"/>
  <testcase classname="com.sgtesting.dataproviders.Scenario5" name="Login" time="5.006"/>
  <testcase classname="com.sgtesting.dataproviders.Scenario5" name="CreateCustomer" time="9.345"/>
  <testcase classname="com.sgtesting.dataproviders.Scenario5" name="CreatProject" time="8.441"/>
  <testcase classname="com.sgtesting.dataproviders.Scenario5" name="DeleteProject" time="3.449"/>
  <testcase classname="com.sgtesting.dataproviders.Scenario5" name="DeleteCustomer" time="5.414"/>
  <testcase classname="com.sgtesting.dataproviders.Scenario5" name="Logout" time="0.434"/>
  <testcase classname="com.sgtesting.dataproviders.Scenario5" name="CloseApplication" time="0.359"/>
  <testcase classname="com.sgtesting.dataproviders.Scenario6" name="LaunchBrowser" time="1.356"/>
  <testcase classname="com.sgtesting.dataproviders.Scenario6" name="navigate" time="0.887"/>
  <testcase classname="com.sgtesting.dataproviders.Scenario6" name="Login" time="4.933"/>
  <testcase classname="com.sgtesting.dataproviders.Scenario6" name="CreateCustomer" time="9.134"/>
  <testcase classname="com.sgtesting.dataproviders.Scenario6" name="CreatProject" time="8.423"/>
  <testcase classname="com.sgtesting.dataproviders.Scenario6" name="ModifyProject" time="4.493"/>
  <testcase classname="com.sgtesting.dataproviders.Scenario6" name="DeleteProject" time="3.403"/>
  <testcase classname="com.sgtesting.dataproviders.Scenario6" name="DeleteCustomer" time="5.467"/>
  <testcase classname="com.sgtesting.dataproviders.Scenario6" name="Logout" time="0.438"/>
  <testcase classname="com.sgtesting.dataproviders.Scenario6" name="CloseApplication" time="0.376"/>
  <testcase classname="com.sgtesting.dataproviders.Scenario7" name="LaunchBrowser" time="1.389"/>
  <testcase classname="com.sgtesting.dataproviders.Scenario7" name="navigate" time="0.814"/>
  <testcase classname="com.sgtesting.dataproviders.Scenario7" name="Login" time="4.84"/>
  <testcase classname="com.sgtesting.dataproviders.Scenario7" name="CreateCustomer" time="9.128"/>
  <testcase classname="com.sgtesting.dataproviders.Scenario7" name="CreatProject" time="8.4"/>
  <testcase classname="com.sgtesting.dataproviders.Scenario7" name="CreateTask" time="5.536"/>
  <testcase classname="com.sgtesting.dataproviders.Scenario7" name="DeleteTask" time="2.29"/>
  <testcase classname="com.sgtesting.dataproviders.Scenario7" name="DeleteProject" time="3.51"/>
  <testcase classname="com.sgtesting.dataproviders.Scenario7" name="DeleteCustomer" time="5.445"/>
  <testcase classname="com.sgtesting.dataproviders.Scenario7" name="Logout" time="0.373"/>
  <testcase classname="com.sgtesting.dataproviders.Scenario7" name="CloseApplication" time="0.383"/>
</testsuite> <!-- Create User -->
